This file contains any messages produced by compilers while
running configure, to aid debugging if configure makes a mistake.

It was created by INF8601-LAB1-master configure 2.2.2, which was
generated by GNU Autoconf 2.69.  Invocation command line was

  $ ./configure 

## --------- ##
## Platform. ##
## --------- ##

hostname = l4714-27.info.polymtl.ca
uname -m = x86_64
uname -r = 5.2.8-200.fc30.x86_64
uname -s = Linux
uname -v = #1 SMP Sat Aug 10 13:21:39 UTC 2019

/usr/bin/uname -p = x86_64
/bin/uname -X     = unknown

/bin/arch              = x86_64
/usr/bin/arch -k       = unknown
/usr/convex/getsysinfo = unknown
/usr/bin/hostinfo      = unknown
/bin/machine           = unknown
/usr/bin/oslevel       = unknown
/bin/universe          = unknown

PATH: /usr/local/cours/LOG8430/scitools/bin/linux64
PATH: /usr/local/rstudio-1.1.456/bin
PATH: /usr/lib64/qt-3.3/bin
PATH: /usr/lib64/mpich/bin
PATH: /usr/share/Modules/bin
PATH: /opt/cuda-10.1/bin
PATH: /usr/condabin
PATH: /usr/local/bin
PATH: /usr/bin
PATH: /bin
PATH: /usr/local/sbin
PATH: /usr/sbin
PATH: /opt/java/jdk8.x86_64/bin
PATH: /opt/MATLAB/R2019a/bin
PATH: /opt/pycharm-edu-3.0/bin
PATH: /usr/local/CPNTools/bin
PATH: /usr/local/openclcc/bin
PATH: /usr/local/cours/inf1900/bin
PATH: /usr/local/cours/INF6603/bin
PATH: /usr/local/cours/inf6802/bin
PATH: /usr/local/cours/INF8410/bin
PATH: /usr/local/cours/JohnMullins/bin
PATH: /usr/local/cours/LOG8470/bin
PATH: /usr/local/cours/INF6101/minizinc
PATH: /usr/local/cours/INF6101/minizinc/bin
PATH: /usr/local/cours/INF6603/CPAchecker-1.3.4-unix/scripts
PATH: /usr/local/cours/INF6603/llbmc-2013.1-Linux_64/bin
PATH: /usr/local/cours/INF6603/uppaal64-4.1.19
PATH: /usr/local/cours/INF6603/uppaal-tiga-0.18
PATH: /usr/local/cours/INF8410/bin
PATH: /usr/local/cours/INF8601/lttng/bin
PATH: /usr/local/cours/INF8601/workload-kit-0.1.16/bin
PATH: /usr/local/cours/INF8601/lttv/bin
PATH: /usr/local/cours/INF8601/trace-compass
PATH: /usr/local/cours/IntelliJ/idea-IU-192.6603.28/bin
PATH: /usr/local/cours/LOG8470/bin


## ----------- ##
## Core tests. ##
## ----------- ##

configure:2392: checking for a BSD-compatible install
configure:2460: result: /usr/bin/install -c
configure:2471: checking whether build environment is sane
configure:2526: result: yes
configure:2675: checking for a thread-safe mkdir -p
configure:2714: result: /usr/bin/mkdir -p
configure:2721: checking for gawk
configure:2737: found /usr/bin/gawk
configure:2748: result: gawk
configure:2759: checking whether make sets $(MAKE)
configure:2781: result: yes
configure:2810: checking whether make supports nested variables
configure:2827: result: yes
configure:2983: checking build system type
configure:2997: result: x86_64-pc-linux-gnu
configure:3017: checking host system type
configure:3030: result: x86_64-pc-linux-gnu
configure:3071: checking how to print strings
configure:3098: result: printf
configure:3123: checking whether make supports the include directive
configure:3138: make -f confmf.GNU && cat confinc.out
this is the am__doit target
configure:3141: $? = 0
configure:3160: result: yes (GNU style)
configure:3230: checking for gcc
configure:3246: found /usr/bin/gcc
configure:3257: result: gcc
configure:3486: checking for C compiler version
configure:3495: gcc --version >&5
gcc (GCC) 9.1.1 20190503 (Red Hat 9.1.1-1)
Copyright (C) 2019 Free Software Foundation, Inc.
This is free software; see the source for copying conditions.  There is NO
warranty; not even for MERCHANTABILITY or FITNESS FOR A PARTICULAR PURPOSE.

configure:3506: $? = 0
configure:3495: gcc -v >&5
Using built-in specs.
COLLECT_GCC=gcc
COLLECT_LTO_WRAPPER=/usr/libexec/gcc/x86_64-redhat-linux/9/lto-wrapper
OFFLOAD_TARGET_NAMES=nvptx-none
OFFLOAD_TARGET_DEFAULT=1
Target: x86_64-redhat-linux
Configured with: ../configure --enable-bootstrap --enable-languages=c,c++,fortran,objc,obj-c++,ada,go,d,lto --prefix=/usr --mandir=/usr/share/man --infodir=/usr/share/info --with-bugurl=http://bugzilla.redhat.com/bugzilla --enable-shared --enable-threads=posix --enable-checking=release --enable-multilib --with-system-zlib --enable-__cxa_atexit --disable-libunwind-exceptions --enable-gnu-unique-object --enable-linker-build-id --with-gcc-major-version-only --with-linker-hash-style=gnu --enable-plugin --enable-initfini-array --with-isl --enable-offload-targets=nvptx-none --without-cuda-driver --enable-gnu-indirect-function --enable-cet --with-tune=generic --with-arch_32=i686 --build=x86_64-redhat-linux
Thread model: posix
gcc version 9.1.1 20190503 (Red Hat 9.1.1-1) (GCC) 
configure:3506: $? = 0
configure:3495: gcc -V >&5
gcc: error: unrecognized command line option '-V'
gcc: fatal error: no input files
compilation terminated.
configure:3506: $? = 1
configure:3495: gcc -qversion >&5
gcc: error: unrecognized command line option '-qversion'; did you mean '--version'?
gcc: fatal error: no input files
compilation terminated.
configure:3506: $? = 1
configure:3526: checking whether the C compiler works
configure:3548: gcc    conftest.c  >&5
configure:3552: $? = 0
configure:3600: result: yes
configure:3603: checking for C compiler default output file name
configure:3605: result: a.out
configure:3611: checking for suffix of executables
configure:3618: gcc -o conftest    conftest.c  >&5
configure:3622: $? = 0
configure:3644: result: 
configure:3666: checking whether we are cross compiling
configure:3674: gcc -o conftest    conftest.c  >&5
configure:3678: $? = 0
configure:3685: ./conftest
configure:3689: $? = 0
configure:3677: result: no
configure:3682: checking for suffix of object files
configure:3704: gcc -c   conftest.c >&5
configure:3708: $? = 0
configure:3729: result: o
configure:3733: checking whether we are using the GNU C compiler
configure:3752: gcc -c   conftest.c >&5
configure:3752: $? = 0
configure:3761: result: yes
configure:3770: checking whether gcc accepts -g
configure:3790: gcc -c -g  conftest.c >&5
configure:3790: $? = 0
configure:3831: result: yes
configure:3848: checking for gcc option to accept ISO C89
configure:3911: gcc  -c -g -O2  conftest.c >&5
configure:3911: $? = 0
configure:3924: result: none needed
configure:3949: checking whether gcc understands -c and -o together
configure:3971: gcc -c conftest.c -o conftest2.o
configure:3974: $? = 0
configure:3971: gcc -c conftest.c -o conftest2.o
configure:3974: $? = 0
configure:3986: result: yes
configure:4005: checking dependency style of gcc
configure:4116: result: gcc3
configure:4131: checking for a sed that does not truncate output
configure:4195: result: /usr/bin/sed
configure:4213: checking for grep that handles long lines and -e
configure:4271: result: /usr/bin/grep
configure:4276: checking for egrep
configure:4338: result: /usr/bin/grep -E
configure:4343: checking for fgrep
configure:4405: result: /usr/bin/grep -F
configure:4440: checking for ld used by gcc
configure:4507: result: /usr/bin/ld
configure:4514: checking if the linker (/usr/bin/ld) is GNU ld
configure:4529: result: yes
configure:4541: checking for BSD- or MS-compatible name lister (nm)
configure:4595: result: /usr/bin/nm -B
configure:4725: checking the name lister (/usr/bin/nm -B) interface
configure:4732: gcc -c -g -O2  conftest.c >&5
configure:4735: /usr/bin/nm -B "conftest.o"
configure:4738: output
0000000000000000 B some_variable
configure:4739: result: BSD nm
configure:4742: checking whether ln -s works
configure:4746: result: yes
configure:4754: checking the maximum length of command line arguments
configure:4885: result: 1572864
configure:4933: checking how to convert x86_64-pc-linux-gnu file names to x86_64-pc-linux-gnu format
configure:4973: result: func_convert_file_noop
configure:4980: checking how to convert x86_64-pc-linux-gnu file names to toolchain format
configure:5000: result: func_convert_file_noop
configure:5007: checking for /usr/bin/ld option to reload object files
configure:5014: result: -r
configure:5088: checking for objdump
configure:5104: found /usr/bin/objdump
configure:5115: result: objdump
configure:5147: checking how to recognize dependent libraries
configure:5347: result: pass_all
configure:5432: checking for dlltool
configure:5462: result: no
configure:5492: checking how to associate runtime and link libraries
configure:5519: result: printf %s\n
configure:5580: checking for ar
configure:5596: found /usr/bin/ar
configure:5607: result: ar
configure:5644: checking for archiver @FILE support
configure:5661: gcc -c -g -O2  conftest.c >&5
configure:5661: $? = 0
configure:5664: ar cru libconftest.a @conftest.lst >&5
configure:5667: $? = 0
configure:5672: ar cru libconftest.a @conftest.lst >&5
ar: conftest.o: No such file or directory
configure:5675: $? = 1
configure:5674: result: @
configure:5732: checking for strip
configure:5748: found /usr/bin/strip
configure:5759: result: strip
configure:5831: checking for ranlib
configure:5847: found /usr/bin/ranlib
configure:5858: result: ranlib
configure:5960: checking command to parse /usr/bin/nm -B output from gcc object
configure:6113: gcc -c -g -O2  conftest.c >&5
configure:6116: $? = 0
configure:6120: /usr/bin/nm -B conftest.o \| sed -n -e 's/^.*[ ]\([ABCDGIRSTW][ABCDGIRSTW]*\)[ ][ ]*\([_A-Za-z][_A-Za-z0-9]*\)$/\1 \2 \2/p' | sed '/ __gnu_lto/d' \> conftest.nm
configure:6123: $? = 0
configure:6189: gcc -o conftest -g -O2   conftest.c conftstm.o >&5
configure:6192: $? = 0
configure:6230: result: ok
configure:6277: checking for sysroot
configure:6307: result: no
configure:6314: checking for a working dd
configure:6352: result: /usr/bin/dd
configure:6356: checking how to truncate binary pipes
configure:6371: result: /usr/bin/dd bs=4096 count=1
configure:6507: gcc -c -g -O2  conftest.c >&5
configure:6510: $? = 0
configure:6700: checking for mt
configure:6730: result: no
configure:6750: checking if : is a manifest tool
configure:6756: : '-?'
configure:6764: result: no
configure:7441: checking how to run the C preprocessor
configure:7472: gcc -E  conftest.c
configure:7472: $? = 0
configure:7486: gcc -E  conftest.c
conftest.c:11:10: fatal error: ac_nonexistent.h: No such file or directory
   11 | #include <ac_nonexistent.h>
      |          ^~~~~~~~~~~~~~~~~~
compilation terminated.
configure:7486: $? = 1
configure: failed program was:
| /* confdefs.h */
| #define PACKAGE_NAME "INF8601-LAB1-master"
| #define PACKAGE_TARNAME "inf8601-lab1-master"
| #define PACKAGE_VERSION "2.2.2"
| #define PACKAGE_STRING "INF8601-LAB1-master 2.2.2"
| #define PACKAGE_BUGREPORT ""
| #define PACKAGE_URL ""
| #define PACKAGE "inf8601-lab1-master"
| #define VERSION "2.2.2"
| /* end confdefs.h.  */
| #include <ac_nonexistent.h>
configure:7511: result: gcc -E
configure:7531: gcc -E  conftest.c
configure:7531: $? = 0
configure:7545: gcc -E  conftest.c
conftest.c:11:10: fatal error: ac_nonexistent.h: No such file or directory
   11 | #include <ac_nonexistent.h>
      |          ^~~~~~~~~~~~~~~~~~
compilation terminated.
configure:7545: $? = 1
configure: failed program was:
| /* confdefs.h */
| #define PACKAGE_NAME "INF8601-LAB1-master"
| #define PACKAGE_TARNAME "inf8601-lab1-master"
| #define PACKAGE_VERSION "2.2.2"
| #define PACKAGE_STRING "INF8601-LAB1-master 2.2.2"
| #define PACKAGE_BUGREPORT ""
| #define PACKAGE_URL ""
| #define PACKAGE "inf8601-lab1-master"
| #define VERSION "2.2.2"
| /* end confdefs.h.  */
| #include <ac_nonexistent.h>
configure:7574: checking for ANSI C header files
configure:7594: gcc -c -g -O2  conftest.c >&5
configure:7594: $? = 0
configure:7667: gcc -o conftest -g -O2   conftest.c  >&5
configure:7667: $? = 0
configure:7667: ./conftest
configure:7667: $? = 0
configure:7678: result: yes
configure:7691: checking for sys/types.h
configure:7691: gcc -c -g -O2  conftest.c >&5
configure:7691: $? = 0
configure:7691: result: yes
configure:7691: checking for sys/stat.h
configure:7691: gcc -c -g -O2  conftest.c >&5
configure:7691: $? = 0
configure:7691: result: yes
configure:7691: checking for stdlib.h
configure:7691: gcc -c -g -O2  conftest.c >&5
configure:7691: $? = 0
configure:7691: result: yes
configure:7691: checking for string.h
configure:7691: gcc -c -g -O2  conftest.c >&5
configure:7691: $? = 0
configure:7691: result: yes
configure:7691: checking for memory.h
configure:7691: gcc -c -g -O2  conftest.c >&5
configure:7691: $? = 0
configure:7691: result: yes
configure:7691: checking for strings.h
configure:7691: gcc -c -g -O2  conftest.c >&5
configure:7691: $? = 0
configure:7691: result: yes
configure:7691: checking for inttypes.h
configure:7691: gcc -c -g -O2  conftest.c >&5
configure:7691: $? = 0
configure:7691: result: yes
configure:7691: checking for stdint.h
configure:7691: gcc -c -g -O2  conftest.c >&5
configure:7691: $? = 0
configure:7691: result: yes
configure:7691: checking for unistd.h
configure:7691: gcc -c -g -O2  conftest.c >&5
configure:7691: $? = 0
configure:7691: result: yes
configure:7705: checking for dlfcn.h
configure:7705: gcc -c -g -O2  conftest.c >&5
configure:7705: $? = 0
configure:7705: result: yes
configure:7961: checking for objdir
configure:7976: result: .libs
configure:8236: checking if gcc supports -fno-rtti -fno-exceptions
configure:8254: gcc -c -g -O2  -fno-rtti -fno-exceptions conftest.c >&5
cc1: warning: command line option '-fno-rtti' is valid for C++/D/ObjC++ but not for C
configure:8258: $? = 0
configure:8271: result: no
configure:8629: checking for gcc option to produce PIC
configure:8636: result: -fPIC -DPIC
configure:8644: checking if gcc PIC flag -fPIC -DPIC works
configure:8662: gcc -c -g -O2  -fPIC -DPIC -DPIC conftest.c >&5
configure:8666: $? = 0
configure:8679: result: yes
configure:8708: checking if gcc static flag -static works
configure:8736: result: yes
configure:8751: checking if gcc supports -c -o file.o
configure:8772: gcc -c -g -O2  -o out/conftest2.o conftest.c >&5
configure:8776: $? = 0
configure:8798: result: yes
configure:8806: checking if gcc supports -c -o file.o
configure:8853: result: yes
configure:8886: checking whether the gcc linker (/usr/bin/ld -m elf_x86_64) supports shared libraries
configure:10145: result: yes
configure:10182: checking whether -lc should be explicitly linked in
configure:10190: gcc -c -g -O2  conftest.c >&5
configure:10193: $? = 0
configure:10208: gcc -shared  -fPIC -DPIC conftest.o  -v -Wl,-soname -Wl,conftest -o conftest 2\>\&1 \| /usr/bin/grep  -lc  \>/dev/null 2\>\&1
configure:10211: $? = 0
configure:10225: result: no
configure:10385: checking dynamic linker characteristics
configure:10966: gcc -o conftest -g -O2   -Wl,-rpath -Wl,/foo conftest.c  >&5
configure:10966: $? = 0
configure:11206: result: GNU/Linux ld.so
configure:11328: checking how to hardcode library paths into programs
configure:11353: result: immediate
configure:11901: checking whether stripping libraries is possible
configure:11906: result: yes
configure:11941: checking if libtool supports shared libraries
configure:11943: result: yes
configure:11946: checking whether to build shared libraries
configure:11971: result: yes
configure:11974: checking whether to build static libraries
configure:11978: result: yes
configure:8808: checking for sys/types.h
configure:8808: result: yes
configure:8808: checking for unistd.h
configure:8808: result: yes
configure:8808: checking fcntl.h usability
configure:8808: gcc -c -g -O2  conftest.c >&5
configure:8808: $? = 0
configure:8808: result: yes
configure:8808: checking fcntl.h presence
configure:8808: gcc -E  conftest.c
configure:8808: $? = 0
configure:8808: result: yes
configure:8808: checking for fcntl.h
configure:8808: result: yes
configure:8808: checking for strings.h
configure:8808: result: yes
configure:8808: checking pthread.h usability
configure:8808: gcc -c -g -O2  conftest.c >&5
configure:8808: $? = 0
configure:8808: result: yes
configure:8808: checking pthread.h presence
configure:8808: gcc -E  conftest.c
configure:8808: $? = 0
configure:8808: result: yes
configure:8808: checking for pthread.h
configure:8808: result: yes
configure:8808: checking time.h usability
configure:8808: gcc -c -g -O2  conftest.c >&5
configure:8808: $? = 0
configure:8808: result: yes
configure:8808: checking time.h presence
configure:8808: gcc -E  conftest.c
configure:8808: $? = 0
configure:8808: result: yes
configure:8808: checking for time.h
configure:8808: result: yes
configure:8808: checking errno.h usability
configure:8808: gcc -c -g -O2  conftest.c >&5
configure:8808: $? = 0
configure:8808: result: yes
configure:8808: checking errno.h presence
configure:8808: gcc -E  conftest.c
configure:8808: $? = 0
configure:8808: result: yes
configure:8808: checking for errno.h
configure:8808: result: yes
configure:8808: checking stdarg.h usability
configure:8808: gcc -c -g -O2  conftest.c >&5
configure:8808: $? = 0
configure:8808: result: yes
configure:8808: checking stdarg.h presence
configure:8808: gcc -E  conftest.c
configure:8808: $? = 0
configure:8808: result: yes
configure:8808: checking for stdarg.h
configure:8808: result: yes
configure:8808: checking limits.h usability
configure:8808: gcc -c -g -O2  conftest.c >&5
configure:8808: $? = 0
configure:8808: result: yes
configure:8808: checking limits.h presence
configure:8808: gcc -E  conftest.c
configure:8808: $? = 0
configure:8808: result: yes
configure:8808: checking for limits.h
configure:8808: result: yes
configure:8808: checking signal.h usability
configure:8808: gcc -c -g -O2  conftest.c >&5
configure:8808: $? = 0
configure:8808: result: yes
configure:8808: checking signal.h presence
configure:8808: gcc -E  conftest.c
configure:8808: $? = 0
configure:8808: result: yes
configure:8808: checking for signal.h
configure:8808: result: yes
configure:8808: checking for stdlib.h
configure:8808: result: yes
configure:8821: checking for inttypes.h
configure:8821: result: yes
configure:8821: checking math.h usability
configure:8821: gcc -c -g -O2  conftest.c >&5
configure:8821: $? = 0
configure:8821: result: yes
configure:8821: checking math.h presence
configure:8821: gcc -E  conftest.c
configure:8821: $? = 0
configure:8821: result: yes
configure:8821: checking for math.h
configure:8821: result: yes
configure:8821: checking tbb/tbb.h usability
configure:8821: gcc -c -g -O2  conftest.c >&5
In file included from /usr/include/tbb/tbb_stddef.h:91,
                 from /usr/include/tbb/aligned_space.h:20,
                 from /usr/include/tbb/tbb.h:31,
                 from conftest.c:69:
/usr/include/tbb/tbb_config.h:36:14: fatal error: cstddef: No such file or directory
   36 |     #include <cstddef>
      |              ^~~~~~~~~
compilation terminated.
configure:8821: $? = 1
configure: failed program was:
| /* confdefs.h */
| #define PACKAGE_NAME "INF8601-LAB1-master"
| #define PACKAGE_TARNAME "inf8601-lab1-master"
| #define PACKAGE_VERSION "2.2.2"
| #define PACKAGE_STRING "INF8601-LAB1-master 2.2.2"
| #define PACKAGE_BUGREPORT ""
| #define PACKAGE_URL ""
| #define PACKAGE "inf8601-lab1-master"
| #define VERSION "2.2.2"
| #define STDC_HEADERS 1
| #define HAVE_SYS_TYPES_H 1
| #define HAVE_SYS_STAT_H 1
| #define HAVE_STDLIB_H 1
| #define HAVE_STRING_H 1
| #define HAVE_MEMORY_H 1
| #define HAVE_STRINGS_H 1
| #define HAVE_INTTYPES_H 1
| #define HAVE_STDINT_H 1
| #define HAVE_UNISTD_H 1
| #define HAVE_DLFCN_H 1
| #define LT_OBJDIR ".libs/"
| #define HAVE_SYS_TYPES_H 1
| #define HAVE_UNISTD_H 1
| #define HAVE_FCNTL_H 1
| #define HAVE_STRINGS_H 1
| #define HAVE_PTHREAD_H 1
| #define HAVE_TIME_H 1
| #define HAVE_ERRNO_H 1
| #define HAVE_STDARG_H 1
| #define HAVE_LIMITS_H 1
| #define HAVE_SIGNAL_H 1
| #define HAVE_STDLIB_H 1
| #define HAVE_INTTYPES_H 1
| #define HAVE_MATH_H 1
| /* end confdefs.h.  */
| #include <stdio.h>
| #ifdef HAVE_SYS_TYPES_H
| # include <sys/types.h>
| #endif
| #ifdef HAVE_SYS_STAT_H
| # include <sys/stat.h>
| #endif
| #ifdef STDC_HEADERS
| # include <stdlib.h>
| # include <stddef.h>
| #else
| # ifdef HAVE_STDLIB_H
| #  include <stdlib.h>
| # endif
| #endif
| #ifdef HAVE_STRING_H
| # if !defined STDC_HEADERS && defined HAVE_MEMORY_H
| #  include <memory.h>
| # endif
| # include <string.h>
| #endif
| #ifdef HAVE_STRINGS_H
| # include <strings.h>
| #endif
| #ifdef HAVE_INTTYPES_H
| # include <inttypes.h>
| #endif
| #ifdef HAVE_STDINT_H
| # include <stdint.h>
| #endif
| #ifdef HAVE_UNISTD_H
| # include <unistd.h>
| #endif
| #include <tbb/tbb.h>
configure:8821: result: no
configure:8821: checking tbb/tbb.h presence
configure:8821: gcc -E  conftest.c
In file included from /usr/include/tbb/tbb_stddef.h:91,
                 from /usr/include/tbb/aligned_space.h:20,
                 from /usr/include/tbb/tbb.h:31,
                 from conftest.c:36:
/usr/include/tbb/tbb_config.h:36:14: fatal error: cstddef: No such file or directory
   36 |     #include <cstddef>
      |              ^~~~~~~~~
compilation terminated.
configure:8821: $? = 1
configure: failed program was:
| /* confdefs.h */
| #define PACKAGE_NAME "INF8601-LAB1-master"
| #define PACKAGE_TARNAME "inf8601-lab1-master"
| #define PACKAGE_VERSION "2.2.2"
| #define PACKAGE_STRING "INF8601-LAB1-master 2.2.2"
| #define PACKAGE_BUGREPORT ""
| #define PACKAGE_URL ""
| #define PACKAGE "inf8601-lab1-master"
| #define VERSION "2.2.2"
| #define STDC_HEADERS 1
| #define HAVE_SYS_TYPES_H 1
| #define HAVE_SYS_STAT_H 1
| #define HAVE_STDLIB_H 1
| #define HAVE_STRING_H 1
| #define HAVE_MEMORY_H 1
| #define HAVE_STRINGS_H 1
| #define HAVE_INTTYPES_H 1
| #define HAVE_STDINT_H 1
| #define HAVE_UNISTD_H 1
| #define HAVE_DLFCN_H 1
| #define LT_OBJDIR ".libs/"
| #define HAVE_SYS_TYPES_H 1
| #define HAVE_UNISTD_H 1
| #define HAVE_FCNTL_H 1
| #define HAVE_STRINGS_H 1
| #define HAVE_PTHREAD_H 1
| #define HAVE_TIME_H 1
| #define HAVE_ERRNO_H 1
| #define HAVE_STDARG_H 1
| #define HAVE_LIMITS_H 1
| #define HAVE_SIGNAL_H 1
| #define HAVE_STDLIB_H 1
| #define HAVE_INTTYPES_H 1
| #define HAVE_MATH_H 1
| /* end confdefs.h.  */
| #include <tbb/tbb.h>
configure:8821: result: no
configure:8821: checking for tbb/tbb.h
configure:8821: result: no
configure:8831: checking for pthread_create in -lpthread
configure:8856: gcc -o conftest -g -O2   conftest.c -lpthread   >&5
configure:8856: $? = 0
configure:8865: result: yes
configure:8876: checking for TBB_runtime_interface_version in -ltbb
configure:8901: gcc -o conftest -g -O2   conftest.c -ltbb  -lpthread  >&5
configure:8901: $? = 0
configure:8910: result: yes
configure:8921: checking for pow in -lm
configure:8946: gcc -o conftest -g -O2   conftest.c -lm  -ltbb -lpthread  >&5
conftest.c:45:6: warning: conflicting types for built-in function 'pow'; expected 'double(double,  double)' [-Wbuiltin-declaration-mismatch]
   45 | char pow ();
      |      ^~~
conftest.c:1:1: note: 'pow' is declared in header '<math.h>'
    1 | /* confdefs.h */
configure:8946: $? = 0
configure:8955: result: yes
configure:8966: checking for fclose in -lstdc++
configure:8991: gcc -o conftest -g -O2   conftest.c -lstdc++  -lm -ltbb -lpthread  >&5
configure:8991: $? = 0
configure:9000: result: yes
configure:9015: checking whether to enable debug mode
configure:9034: result: no
configure:9048: checking for gcc option to support OpenMP
configure:9063: gcc -o conftest -Wall -O2 -fomit-frame-pointer   conftest.c -lstdc++ -lm -ltbb -lpthread  >&5
conftest.c:42:2: error: unknown type name 'choke'
   42 |  choke me
      |  ^~~~~
conftest.c:42:10: error: expected ';' before 'typedef'
   42 |  choke me
      |          ^
      |          ;
configure:9063: $? = 1
configure: failed program was:
| /* confdefs.h */
| #define PACKAGE_NAME "INF8601-LAB1-master"
| #define PACKAGE_TARNAME "inf8601-lab1-master"
| #define PACKAGE_VERSION "2.2.2"
| #define PACKAGE_STRING "INF8601-LAB1-master 2.2.2"
| #define PACKAGE_BUGREPORT ""
| #define PACKAGE_URL ""
| #define PACKAGE "inf8601-lab1-master"
| #define VERSION "2.2.2"
| #define STDC_HEADERS 1
| #define HAVE_SYS_TYPES_H 1
| #define HAVE_SYS_STAT_H 1
| #define HAVE_STDLIB_H 1
| #define HAVE_STRING_H 1
| #define HAVE_MEMORY_H 1
| #define HAVE_STRINGS_H 1
| #define HAVE_INTTYPES_H 1
| #define HAVE_STDINT_H 1
| #define HAVE_UNISTD_H 1
| #define HAVE_DLFCN_H 1
| #define LT_OBJDIR ".libs/"
| #define HAVE_SYS_TYPES_H 1
| #define HAVE_UNISTD_H 1
| #define HAVE_FCNTL_H 1
| #define HAVE_STRINGS_H 1
| #define HAVE_PTHREAD_H 1
| #define HAVE_TIME_H 1
| #define HAVE_ERRNO_H 1
| #define HAVE_STDARG_H 1
| #define HAVE_LIMITS_H 1
| #define HAVE_SIGNAL_H 1
| #define HAVE_STDLIB_H 1
| #define HAVE_INTTYPES_H 1
| #define HAVE_MATH_H 1
| #define HAVE_LIBPTHREAD 1
| #define HAVE_LIBTBB 1
| #define HAVE_LIBM 1
| #define HAVE_LIBSTDC__ 1
| /* end confdefs.h.  */
| 
| #ifndef _OPENMP
|  choke me
| #endif
| #include <omp.h>
| int main () { return omp_get_num_threads (); }
| 
configure:9081: gcc -o conftest -Wall -O2 -fomit-frame-pointer -fopenmp   conftest.c -lstdc++ -lm -ltbb -lpthread  >&5
configure:9081: $? = 0
configure:9095: result: -fopenmp
configure:9119: checking whether make supports nested variables
configure:9136: result: yes
configure:9197: checking for gcc
configure:9224: result: gcc
configure:9453: checking for C compiler version
configure:9462: gcc --version >&5
gcc (GCC) 9.1.1 20190503 (Red Hat 9.1.1-1)
Copyright (C) 2019 Free Software Foundation, Inc.
This is free software; see the source for copying conditions.  There is NO
warranty; not even for MERCHANTABILITY or FITNESS FOR A PARTICULAR PURPOSE.

configure:9473: $? = 0
configure:9462: gcc -v >&5
Using built-in specs.
COLLECT_GCC=gcc
COLLECT_LTO_WRAPPER=/usr/libexec/gcc/x86_64-redhat-linux/9/lto-wrapper
OFFLOAD_TARGET_NAMES=nvptx-none
OFFLOAD_TARGET_DEFAULT=1
Target: x86_64-redhat-linux
Configured with: ../configure --enable-bootstrap --enable-languages=c,c++,fortran,objc,obj-c++,ada,go,d,lto --prefix=/usr --mandir=/usr/share/man --infodir=/usr/share/info --with-bugurl=http://bugzilla.redhat.com/bugzilla --enable-shared --enable-threads=posix --enable-checking=release --enable-multilib --with-system-zlib --enable-__cxa_atexit --disable-libunwind-exceptions --enable-gnu-unique-object --enable-linker-build-id --with-gcc-major-version-only --with-linker-hash-style=gnu --enable-plugin --enable-initfini-array --with-isl --enable-offload-targets=nvptx-none --without-cuda-driver --enable-gnu-indirect-function --enable-cet --with-tune=generic --with-arch_32=i686 --build=x86_64-redhat-linux
Thread model: posix
gcc version 9.1.1 20190503 (Red Hat 9.1.1-1) (GCC) 
configure:9473: $? = 0
configure:9462: gcc -V >&5
gcc: error: unrecognized command line option '-V'
gcc: fatal error: no input files
compilation terminated.
configure:9473: $? = 1
configure:9462: gcc -qversion >&5
gcc: error: unrecognized command line option '-qversion'; did you mean '--version'?
gcc: fatal error: no input files
compilation terminated.
configure:9473: $? = 1
configure:9477: checking whether we are using the GNU C compiler
configure:9505: result: yes
configure:9514: checking whether gcc accepts -g
configure:9575: result: yes
configure:9592: checking for gcc option to accept ISO C89
configure:9668: result: none needed
configure:9693: checking whether gcc understands -c and -o together
configure:9730: result: yes
configure:9749: checking dependency style of gcc
configure:9860: result: gcc3
configure:9933: checking for g++
configure:9949: found /usr/bin/g++
configure:9960: result: g++
configure:9987: checking for C++ compiler version
configure:9996: g++ --version >&5
g++ (GCC) 9.1.1 20190503 (Red Hat 9.1.1-1)
Copyright (C) 2019 Free Software Foundation, Inc.
This is free software; see the source for copying conditions.  There is NO
warranty; not even for MERCHANTABILITY or FITNESS FOR A PARTICULAR PURPOSE.

configure:10007: $? = 0
configure:9996: g++ -v >&5
Using built-in specs.
COLLECT_GCC=g++
COLLECT_LTO_WRAPPER=/usr/libexec/gcc/x86_64-redhat-linux/9/lto-wrapper
OFFLOAD_TARGET_NAMES=nvptx-none
OFFLOAD_TARGET_DEFAULT=1
Target: x86_64-redhat-linux
Configured with: ../configure --enable-bootstrap --enable-languages=c,c++,fortran,objc,obj-c++,ada,go,d,lto --prefix=/usr --mandir=/usr/share/man --infodir=/usr/share/info --with-bugurl=http://bugzilla.redhat.com/bugzilla --enable-shared --enable-threads=posix --enable-checking=release --enable-multilib --with-system-zlib --enable-__cxa_atexit --disable-libunwind-exceptions --enable-gnu-unique-object --enable-linker-build-id --with-gcc-major-version-only --with-linker-hash-style=gnu --enable-plugin --enable-initfini-array --with-isl --enable-offload-targets=nvptx-none --without-cuda-driver --enable-gnu-indirect-function --enable-cet --with-tune=generic --with-arch_32=i686 --build=x86_64-redhat-linux
Thread model: posix
gcc version 9.1.1 20190503 (Red Hat 9.1.1-1) (GCC) 
configure:10007: $? = 0
configure:9996: g++ -V >&5
g++: error: unrecognized command line option '-V'
g++: fatal error: no input files
compilation terminated.
configure:10007: $? = 1
configure:9996: g++ -qversion >&5
g++: error: unrecognized command line option '-qversion'; did you mean '--version'?
g++: fatal error: no input files
compilation terminated.
configure:10007: $? = 1
configure:10011: checking whether we are using the GNU C++ compiler
configure:10030: g++ -c -Wall -O2 -fomit-frame-pointer -std=c++0x  conftest.cpp >&5
configure:10030: $? = 0
configure:10039: result: yes
configure:10048: checking whether g++ accepts -g
configure:10068: g++ -c -g  conftest.cpp >&5
configure:10068: $? = 0
configure:10109: result: yes
configure:10134: checking dependency style of g++
configure:10245: result: gcc3
configure:10278: checking how to run the C++ preprocessor
configure:10305: g++ -E  conftest.cpp
configure:10305: $? = 0
configure:10319: g++ -E  conftest.cpp
conftest.cpp:40:10: fatal error: ac_nonexistent.h: No such file or directory
   40 | #include <ac_nonexistent.h>
      |          ^~~~~~~~~~~~~~~~~~
compilation terminated.
configure:10319: $? = 1
configure: failed program was:
| /* confdefs.h */
| #define PACKAGE_NAME "INF8601-LAB1-master"
| #define PACKAGE_TARNAME "inf8601-lab1-master"
| #define PACKAGE_VERSION "2.2.2"
| #define PACKAGE_STRING "INF8601-LAB1-master 2.2.2"
| #define PACKAGE_BUGREPORT ""
| #define PACKAGE_URL ""
| #define PACKAGE "inf8601-lab1-master"
| #define VERSION "2.2.2"
| #define STDC_HEADERS 1
| #define HAVE_SYS_TYPES_H 1
| #define HAVE_SYS_STAT_H 1
| #define HAVE_STDLIB_H 1
| #define HAVE_STRING_H 1
| #define HAVE_MEMORY_H 1
| #define HAVE_STRINGS_H 1
| #define HAVE_INTTYPES_H 1
| #define HAVE_STDINT_H 1
| #define HAVE_UNISTD_H 1
| #define HAVE_DLFCN_H 1
| #define LT_OBJDIR ".libs/"
| #define HAVE_SYS_TYPES_H 1
| #define HAVE_UNISTD_H 1
| #define HAVE_FCNTL_H 1
| #define HAVE_STRINGS_H 1
| #define HAVE_PTHREAD_H 1
| #define HAVE_TIME_H 1
| #define HAVE_ERRNO_H 1
| #define HAVE_STDARG_H 1
| #define HAVE_LIMITS_H 1
| #define HAVE_SIGNAL_H 1
| #define HAVE_STDLIB_H 1
| #define HAVE_INTTYPES_H 1
| #define HAVE_MATH_H 1
| #define HAVE_LIBPTHREAD 1
| #define HAVE_LIBTBB 1
| #define HAVE_LIBM 1
| #define HAVE_LIBSTDC__ 1
| /* end confdefs.h.  */
| #include <ac_nonexistent.h>
configure:10344: result: g++ -E
configure:10364: g++ -E  conftest.cpp
configure:10364: $? = 0
configure:10378: g++ -E  conftest.cpp
conftest.cpp:40:10: fatal error: ac_nonexistent.h: No such file or directory
   40 | #include <ac_nonexistent.h>
      |          ^~~~~~~~~~~~~~~~~~
compilation terminated.
configure:10378: $? = 1
configure: failed program was:
| /* confdefs.h */
| #define PACKAGE_NAME "INF8601-LAB1-master"
| #define PACKAGE_TARNAME "inf8601-lab1-master"
| #define PACKAGE_VERSION "2.2.2"
| #define PACKAGE_STRING "INF8601-LAB1-master 2.2.2"
| #define PACKAGE_BUGREPORT ""
| #define PACKAGE_URL ""
| #define PACKAGE "inf8601-lab1-master"
| #define VERSION "2.2.2"
| #define STDC_HEADERS 1
| #define HAVE_SYS_TYPES_H 1
| #define HAVE_SYS_STAT_H 1
| #define HAVE_STDLIB_H 1
| #define HAVE_STRING_H 1
| #define HAVE_MEMORY_H 1
| #define HAVE_STRINGS_H 1
| #define HAVE_INTTYPES_H 1
| #define HAVE_STDINT_H 1
| #define HAVE_UNISTD_H 1
| #define HAVE_DLFCN_H 1
| #define LT_OBJDIR ".libs/"
| #define HAVE_SYS_TYPES_H 1
| #define HAVE_UNISTD_H 1
| #define HAVE_FCNTL_H 1
| #define HAVE_STRINGS_H 1
| #define HAVE_PTHREAD_H 1
| #define HAVE_TIME_H 1
| #define HAVE_ERRNO_H 1
| #define HAVE_STDARG_H 1
| #define HAVE_LIMITS_H 1
| #define HAVE_SIGNAL_H 1
| #define HAVE_STDLIB_H 1
| #define HAVE_INTTYPES_H 1
| #define HAVE_MATH_H 1
| #define HAVE_LIBPTHREAD 1
| #define HAVE_LIBTBB 1
| #define HAVE_LIBM 1
| #define HAVE_LIBSTDC__ 1
| /* end confdefs.h.  */
| #include <ac_nonexistent.h>
configure:10540: checking for ld used by g++
configure:10607: result: /usr/bin/ld -m elf_x86_64
configure:10614: checking if the linker (/usr/bin/ld -m elf_x86_64) is GNU ld
configure:10629: result: yes
configure:10684: checking whether the g++ linker (/usr/bin/ld -m elf_x86_64) supports shared libraries
configure:11757: result: yes
configure:11793: g++ -c -Wall -O2 -fomit-frame-pointer -std=c++0x  conftest.cpp >&5
configure:11796: $? = 0
configure:12277: checking for g++ option to produce PIC
configure:12284: result: -fPIC -DPIC
configure:12292: checking if g++ PIC flag -fPIC -DPIC works
configure:12310: g++ -c -Wall -O2 -fomit-frame-pointer -std=c++0x  -fPIC -DPIC -DPIC conftest.cpp >&5
configure:12314: $? = 0
configure:12327: result: yes
configure:12350: checking if g++ static flag -static works
configure:12378: result: no
configure:12390: checking if g++ supports -c -o file.o
configure:12411: g++ -c -Wall -O2 -fomit-frame-pointer -std=c++0x  -o out/conftest2.o conftest.cpp >&5
configure:12415: $? = 0
configure:12437: result: yes
configure:12442: checking if g++ supports -c -o file.o
configure:12489: result: yes
configure:12519: checking whether the g++ linker (/usr/bin/ld -m elf_x86_64) supports shared libraries
configure:12559: result: yes
configure:12700: checking dynamic linker characteristics
configure:13448: result: GNU/Linux ld.so
configure:13513: checking how to hardcode library paths into programs
configure:13538: result: immediate
configure:12465: checking for ranlib
configure:12492: result: ranlib
configure:12616: checking that generated files are newer than configure
configure:12622: result: done
configure:12653: creating ./config.status

## ---------------------- ##
## Running config.status. ##
## ---------------------- ##

This file was extended by INF8601-LAB1-master config.status 2.2.2, which was
generated by GNU Autoconf 2.69.  Invocation command line was

  CONFIG_FILES    = 
  CONFIG_HEADERS  = 
  CONFIG_LINKS    = 
  CONFIG_COMMANDS = 
  $ ./config.status 

on l4714-27.info.polymtl.ca

config.status:1162: creating Makefile
config.status:1162: creating tests/Makefile
config.status:1162: creating src/Makefile
config.status:1162: creating config.h
config.status:1343: config.h is unchanged
config.status:1391: executing depfiles commands
config.status:1468: cd src       && sed -e '/# am--include-marker/d' Makefile         | make -f - am--depfiles
make: Nothing to be done for 'am--depfiles'.
config.status:1473: $? = 0
config.status:1391: executing libtool commands

## ---------------- ##
## Cache variables. ##
## ---------------- ##

ac_cv_build=x86_64-pc-linux-gnu
ac_cv_c_compiler_gnu=yes
ac_cv_cxx_compiler_gnu=yes
ac_cv_env_CCC_set=
ac_cv_env_CCC_value=
ac_cv_env_CC_set=
ac_cv_env_CC_value=
ac_cv_env_CFLAGS_set=
ac_cv_env_CFLAGS_value=
ac_cv_env_CPPFLAGS_set=
ac_cv_env_CPPFLAGS_value=
ac_cv_env_CPP_set=
ac_cv_env_CPP_value=
ac_cv_env_CXXCPP_set=
ac_cv_env_CXXCPP_value=
ac_cv_env_CXXFLAGS_set=
ac_cv_env_CXXFLAGS_value=
ac_cv_env_CXX_set=
ac_cv_env_CXX_value=
ac_cv_env_LDFLAGS_set=
ac_cv_env_LDFLAGS_value=
ac_cv_env_LIBS_set=
ac_cv_env_LIBS_value=
ac_cv_env_LT_SYS_LIBRARY_PATH_set=
ac_cv_env_LT_SYS_LIBRARY_PATH_value=
ac_cv_env_build_alias_set=
ac_cv_env_build_alias_value=
ac_cv_env_host_alias_set=
ac_cv_env_host_alias_value=
ac_cv_env_target_alias_set=
ac_cv_env_target_alias_value=
ac_cv_header_dlfcn_h=yes
ac_cv_header_errno_h=yes
ac_cv_header_fcntl_h=yes
ac_cv_header_inttypes_h=yes
ac_cv_header_limits_h=yes
ac_cv_header_math_h=yes
ac_cv_header_memory_h=yes
ac_cv_header_pthread_h=yes
ac_cv_header_signal_h=yes
ac_cv_header_stdarg_h=yes
ac_cv_header_stdc=yes
ac_cv_header_stdint_h=yes
ac_cv_header_stdlib_h=yes
ac_cv_header_string_h=yes
ac_cv_header_strings_h=yes
ac_cv_header_sys_stat_h=yes
ac_cv_header_sys_types_h=yes
ac_cv_header_tbb_tbb_h=no
ac_cv_header_time_h=yes
ac_cv_header_unistd_h=yes
ac_cv_host=x86_64-pc-linux-gnu
ac_cv_lib_m_pow=yes
ac_cv_lib_pthread_pthread_create=yes
ac_cv_lib_stdcpp_fclose=yes
ac_cv_lib_tbb_TBB_runtime_interface_version=yes
ac_cv_objext=o
ac_cv_path_EGREP='/usr/bin/grep -E'
ac_cv_path_FGREP='/usr/bin/grep -F'
ac_cv_path_GREP=/usr/bin/grep
ac_cv_path_SED=/usr/bin/sed
ac_cv_path_install='/usr/bin/install -c'
ac_cv_path_lt_DD=/usr/bin/dd
ac_cv_path_mkdir=/usr/bin/mkdir
ac_cv_prog_AWK=gawk
ac_cv_prog_CPP='gcc -E'
ac_cv_prog_CXXCPP='g++ -E'
ac_cv_prog_ac_ct_AR=ar
ac_cv_prog_ac_ct_CC=gcc
ac_cv_prog_ac_ct_CXX=g++
ac_cv_prog_ac_ct_OBJDUMP=objdump
ac_cv_prog_ac_ct_RANLIB=ranlib
ac_cv_prog_ac_ct_STRIP=strip
ac_cv_prog_c_openmp=-fopenmp
ac_cv_prog_cc_c89=
ac_cv_prog_cc_g=yes
ac_cv_prog_cxx_g=yes
ac_cv_prog_make_make_set=yes
am_cv_CC_dependencies_compiler_type=gcc3
am_cv_CXX_dependencies_compiler_type=gcc3
am_cv_make_support_nested_variables=yes
am_cv_prog_cc_c_o=yes
lt_cv_ar_at_file=@
lt_cv_archive_cmds_need_lc=no
lt_cv_deplibs_check_method=pass_all
lt_cv_file_magic_cmd='$MAGIC_CMD'
lt_cv_file_magic_test_file=
lt_cv_ld_reload_flag=-r
lt_cv_nm_interface='BSD nm'
lt_cv_objdir=.libs
lt_cv_path_LD=/usr/bin/ld
lt_cv_path_LDCXX='/usr/bin/ld -m elf_x86_64'
lt_cv_path_NM='/usr/bin/nm -B'
lt_cv_path_mainfest_tool=no
lt_cv_prog_compiler_c_o=yes
lt_cv_prog_compiler_c_o_CXX=yes
lt_cv_prog_compiler_pic='-fPIC -DPIC'
lt_cv_prog_compiler_pic_CXX='-fPIC -DPIC'
lt_cv_prog_compiler_pic_works=yes
lt_cv_prog_compiler_pic_works_CXX=yes
lt_cv_prog_compiler_rtti_exceptions=no
lt_cv_prog_compiler_static_works=yes
lt_cv_prog_compiler_static_works_CXX=no
lt_cv_prog_gnu_ld=yes
lt_cv_prog_gnu_ldcxx=yes
lt_cv_sharedlib_from_linklib_cmd='printf %s\n'
lt_cv_shlibpath_overrides_runpath=no
lt_cv_sys_global_symbol_pipe='sed -n -e '\''s/^.*[	 ]\([ABCDGIRSTW][ABCDGIRSTW]*\)[	 ][	 ]*\([_A-Za-z][_A-Za-z0-9]*\)$/\1 \2 \2/p'\'' | sed '\''/ __gnu_lto/d'\'''
lt_cv_sys_global_symbol_to_c_name_address='sed -n -e '\''s/^: \(.*\) .*$/  {"\1", (void *) 0},/p'\'' -e '\''s/^[ABCDGIRSTW][ABCDGIRSTW]* .* \(.*\)$/  {"\1", (void *) \&\1},/p'\'''
lt_cv_sys_global_symbol_to_c_name_address_lib_prefix='sed -n -e '\''s/^: \(.*\) .*$/  {"\1", (void *) 0},/p'\'' -e '\''s/^[ABCDGIRSTW][ABCDGIRSTW]* .* \(lib.*\)$/  {"\1", (void *) \&\1},/p'\'' -e '\''s/^[ABCDGIRSTW][ABCDGIRSTW]* .* \(.*\)$/  {"lib\1", (void *) \&\1},/p'\'''
lt_cv_sys_global_symbol_to_cdecl='sed -n -e '\''s/^T .* \(.*\)$/extern int \1();/p'\'' -e '\''s/^[ABCDGIRSTW][ABCDGIRSTW]* .* \(.*\)$/extern char \1;/p'\'''
lt_cv_sys_global_symbol_to_import=
lt_cv_sys_max_cmd_len=1572864
lt_cv_to_host_file_cmd=func_convert_file_noop
lt_cv_to_tool_file_cmd=func_convert_file_noop
lt_cv_truncate_bin='/usr/bin/dd bs=4096 count=1'

## ----------------- ##
## Output variables. ##
## ----------------- ##

ACLOCAL='${SHELL} /usagers1/angodb/Documents/inf8601/missing aclocal-1.16'
AMDEPBACKSLASH='\'
AMDEP_FALSE='#'
AMDEP_TRUE=''
AMTAR='$${TAR-tar}'
AM_BACKSLASH='\'
AM_DEFAULT_V='$(AM_DEFAULT_VERBOSITY)'
AM_DEFAULT_VERBOSITY='0'
AM_V='$(V)'
AR='ar'
AUTOCONF='${SHELL} /usagers1/angodb/Documents/inf8601/missing autoconf'
AUTOHEADER='${SHELL} /usagers1/angodb/Documents/inf8601/missing autoheader'
AUTOMAKE='${SHELL} /usagers1/angodb/Documents/inf8601/missing automake-1.16'
AWK='gawk'
CC='gcc'
CCDEPMODE='depmode=gcc3'
CFLAGS='-Wall -O2 -fomit-frame-pointer'
CPP='gcc -E'
CPPFLAGS=''
CXX='g++'
CXXCPP='g++ -E'
CXXDEPMODE='depmode=gcc3'
CXXFLAGS='-Wall -O2 -fomit-frame-pointer -std=c++0x'
CYGPATH_W='echo'
DEFS='-DHAVE_CONFIG_H'
DEPDIR='.deps'
DLLTOOL='false'
DSYMUTIL=''
DUMPBIN=''
ECHO_C=''
ECHO_N='-n'
ECHO_T=''
EGREP='/usr/bin/grep -E'
EXEEXT=''
FGREP='/usr/bin/grep -F'
GREP='/usr/bin/grep'
INSTALL_DATA='${INSTALL} -m 644'
INSTALL_PROGRAM='${INSTALL}'
INSTALL_SCRIPT='${INSTALL}'
INSTALL_STRIP_PROGRAM='$(install_sh) -c -s'
LD='/usr/bin/ld -m elf_x86_64'
LDFLAGS=''
LIBOBJS=''
LIBS='-lstdc++ -lm -ltbb -lpthread '
LIBTOOL='$(SHELL) $(top_builddir)/libtool'
LIPO=''
LN_S='ln -s'
LTLIBOBJS=''
LT_SYS_LIBRARY_PATH=''
MAKEINFO='${SHELL} /usagers1/angodb/Documents/inf8601/missing makeinfo'
MANIFEST_TOOL=':'
MKDIR_P='/usr/bin/mkdir -p'
NM='/usr/bin/nm -B'
NMEDIT=''
OBJDUMP='objdump'
OBJEXT='o'
OPENMP_CFLAGS='-fopenmp'
OTOOL64=''
OTOOL=''
PACKAGE='inf8601-lab1-master'
PACKAGE_BUGREPORT=''
PACKAGE_NAME='INF8601-LAB1-master'
PACKAGE_STRING='INF8601-LAB1-master 2.2.2'
PACKAGE_TARNAME='inf8601-lab1-master'
PACKAGE_URL=''
PACKAGE_VERSION='2.2.2'
PATH_SEPARATOR=':'
RANLIB='ranlib'
SED='/usr/bin/sed'
SET_MAKE=''
SHELL='/bin/sh'
STRIP='strip'
VERSION='2.2.2'
ac_ct_AR='ar'
ac_ct_CC='gcc'
ac_ct_CXX='g++'
ac_ct_DUMPBIN=''
am__EXEEXT_FALSE=''
am__EXEEXT_TRUE='#'
am__fastdepCC_FALSE='#'
am__fastdepCC_TRUE=''
am__fastdepCXX_FALSE='#'
am__fastdepCXX_TRUE=''
am__include='include'
am__isrc=''
am__leading_dot='.'
am__nodep='_no'
am__quote=''
am__tar='$${TAR-tar} chof - "$$tardir"'
am__untar='$${TAR-tar} xf -'
bindir='${exec_prefix}/bin'
build='x86_64-pc-linux-gnu'
build_alias=''
build_cpu='x86_64'
build_os='linux-gnu'
build_vendor='pc'
datadir='${datarootdir}'
datarootdir='${prefix}/share'
docdir='${datarootdir}/doc/${PACKAGE_TARNAME}'
dvidir='${docdir}'
exec_prefix='${prefix}'
host='x86_64-pc-linux-gnu'
host_alias=''
host_cpu='x86_64'
host_os='linux-gnu'
host_vendor='pc'
htmldir='${docdir}'
includedir='${prefix}/include'
infodir='${datarootdir}/info'
install_sh='${SHELL} /usagers1/angodb/Documents/inf8601/install-sh'
libdir='${exec_prefix}/lib'
libexecdir='${exec_prefix}/libexec'
localedir='${datarootdir}/locale'
localstatedir='${prefix}/var'
mandir='${datarootdir}/man'
mkdir_p='$(MKDIR_P)'
oldincludedir='/usr/include'
pdfdir='${docdir}'
prefix='/usr/local'
program_transform_name='s,x,x,'
psdir='${docdir}'
sbindir='${exec_prefix}/sbin'
sharedstatedir='${prefix}/com'
sysconfdir='${prefix}/etc'
target_alias=''

## ----------- ##
## confdefs.h. ##
## ----------- ##

/* confdefs.h */
#define PACKAGE_NAME "INF8601-LAB1-master"
#define PACKAGE_TARNAME "inf8601-lab1-master"
#define PACKAGE_VERSION "2.2.2"
#define PACKAGE_STRING "INF8601-LAB1-master 2.2.2"
#define PACKAGE_BUGREPORT ""
#define PACKAGE_URL ""
#define PACKAGE "inf8601-lab1-master"
#define VERSION "2.2.2"
#define STDC_HEADERS 1
#define HAVE_SYS_TYPES_H 1
#define HAVE_SYS_STAT_H 1
#define HAVE_STDLIB_H 1
#define HAVE_STRING_H 1
#define HAVE_MEMORY_H 1
#define HAVE_STRINGS_H 1
#define HAVE_INTTYPES_H 1
#define HAVE_STDINT_H 1
#define HAVE_UNISTD_H 1
#define HAVE_DLFCN_H 1
#define LT_OBJDIR ".libs/"
#define HAVE_SYS_TYPES_H 1
#define HAVE_UNISTD_H 1
#define HAVE_FCNTL_H 1
#define HAVE_STRINGS_H 1
#define HAVE_PTHREAD_H 1
#define HAVE_TIME_H 1
#define HAVE_ERRNO_H 1
#define HAVE_STDARG_H 1
#define HAVE_LIMITS_H 1
#define HAVE_SIGNAL_H 1
#define HAVE_STDLIB_H 1
#define HAVE_INTTYPES_H 1
#define HAVE_MATH_H 1
#define HAVE_LIBPTHREAD 1
#define HAVE_LIBTBB 1
#define HAVE_LIBM 1
#define HAVE_LIBSTDC__ 1

configure: exit 0
